{"C:\\Users\\mobuc\\OneDrive\\Documents\\IBM Preparation\\WK 6\\Library Management System\\library-management-system\\api\\DatabaseHandler\\DatabaseHandler.js": {"path":"C:\\Users\\mobuc\\OneDrive\\Documents\\IBM Preparation\\WK 6\\Library Management System\\library-management-system\\api\\DatabaseHandler\\DatabaseHandler.js","statementMap":{"0":{"start":{"line":24,"column":4},"end":{"line":24,"column":22}},"1":{"start":{"line":25,"column":4},"end":{"line":25,"column":22}},"2":{"start":{"line":26,"column":4},"end":{"line":26,"column":30}},"3":{"start":{"line":27,"column":4},"end":{"line":27,"column":30}},"4":{"start":{"line":28,"column":4},"end":{"line":28,"column":22}},"5":{"start":{"line":29,"column":4},"end":{"line":29,"column":21}},"6":{"start":{"line":30,"column":4},"end":{"line":30,"column":22}},"7":{"start":{"line":38,"column":4},"end":{"line":69,"column":5}},"8":{"start":{"line":40,"column":20},"end":{"line":40,"column":36}},"9":{"start":{"line":43,"column":6},"end":{"line":50,"column":9}},"10":{"start":{"line":53,"column":6},"end":{"line":65,"column":9}},"11":{"start":{"line":54,"column":8},"end":{"line":64,"column":11}},"12":{"start":{"line":55,"column":10},"end":{"line":59,"column":11}},"13":{"start":{"line":56,"column":12},"end":{"line":56,"column":73}},"14":{"start":{"line":57,"column":12},"end":{"line":57,"column":26}},"15":{"start":{"line":58,"column":12},"end":{"line":58,"column":19}},"16":{"start":{"line":60,"column":10},"end":{"line":62,"column":12}},"17":{"start":{"line":63,"column":10},"end":{"line":63,"column":24}},"18":{"start":{"line":67,"column":6},"end":{"line":67,"column":69}},"19":{"start":{"line":68,"column":6},"end":{"line":68,"column":18}},"20":{"start":{"line":80,"column":4},"end":{"line":82,"column":5}},"21":{"start":{"line":81,"column":6},"end":{"line":81,"column":34}},"22":{"start":{"line":84,"column":4},"end":{"line":84,"column":24}},"23":{"start":{"line":87,"column":4},"end":{"line":96,"column":7}},"24":{"start":{"line":88,"column":6},"end":{"line":95,"column":9}},"25":{"start":{"line":89,"column":8},"end":{"line":93,"column":9}},"26":{"start":{"line":90,"column":10},"end":{"line":90,"column":63}},"27":{"start":{"line":91,"column":10},"end":{"line":91,"column":24}},"28":{"start":{"line":92,"column":10},"end":{"line":92,"column":17}},"29":{"start":{"line":94,"column":8},"end":{"line":94,"column":25}},"30":{"start":{"line":106,"column":4},"end":{"line":108,"column":5}},"31":{"start":{"line":107,"column":6},"end":{"line":107,"column":34}},"32":{"start":{"line":110,"column":4},"end":{"line":171,"column":7}},"33":{"start":{"line":112,"column":6},"end":{"line":170,"column":9}},"34":{"start":{"line":113,"column":8},"end":{"line":120,"column":9}},"35":{"start":{"line":114,"column":10},"end":{"line":117,"column":12}},"36":{"start":{"line":118,"column":10},"end":{"line":118,"column":34}},"37":{"start":{"line":119,"column":10},"end":{"line":119,"column":17}},"38":{"start":{"line":123,"column":8},"end":{"line":169,"column":11}},"39":{"start":{"line":124,"column":10},"end":{"line":129,"column":11}},"40":{"start":{"line":125,"column":12},"end":{"line":125,"column":33}},"41":{"start":{"line":126,"column":12},"end":{"line":126,"column":70}},"42":{"start":{"line":127,"column":12},"end":{"line":127,"column":31}},"43":{"start":{"line":128,"column":12},"end":{"line":128,"column":19}},"44":{"start":{"line":131,"column":10},"end":{"line":168,"column":11}},"45":{"start":{"line":133,"column":12},"end":{"line":147,"column":13}},"46":{"start":{"line":134,"column":14},"end":{"line":146,"column":17}},"47":{"start":{"line":135,"column":16},"end":{"line":145,"column":18}},"48":{"start":{"line":139,"column":20},"end":{"line":142,"column":21}},"49":{"start":{"line":140,"column":22},"end":{"line":140,"column":46}},"50":{"start":{"line":141,"column":22},"end":{"line":141,"column":29}},"51":{"start":{"line":143,"column":20},"end":{"line":143,"column":42}},"52":{"start":{"line":150,"column":12},"end":{"line":160,"column":15}},"53":{"start":{"line":151,"column":14},"end":{"line":156,"column":15}},"54":{"start":{"line":152,"column":16},"end":{"line":155,"column":19}},"55":{"start":{"line":153,"column":18},"end":{"line":153,"column":39}},"56":{"start":{"line":154,"column":18},"end":{"line":154,"column":38}},"57":{"start":{"line":158,"column":14},"end":{"line":158,"column":35}},"58":{"start":{"line":159,"column":14},"end":{"line":159,"column":28}},"59":{"start":{"line":163,"column":12},"end":{"line":167,"column":15}},"60":{"start":{"line":164,"column":14},"end":{"line":164,"column":35}},"61":{"start":{"line":165,"column":14},"end":{"line":165,"column":63}},"62":{"start":{"line":166,"column":14},"end":{"line":166,"column":28}},"63":{"start":{"line":179,"column":4},"end":{"line":191,"column":5}},"64":{"start":{"line":180,"column":6},"end":{"line":190,"column":9}},"65":{"start":{"line":181,"column":8},"end":{"line":189,"column":11}},"66":{"start":{"line":182,"column":10},"end":{"line":186,"column":11}},"67":{"start":{"line":183,"column":12},"end":{"line":183,"column":73}},"68":{"start":{"line":184,"column":12},"end":{"line":184,"column":26}},"69":{"start":{"line":185,"column":12},"end":{"line":185,"column":19}},"70":{"start":{"line":187,"column":10},"end":{"line":187,"column":54}},"71":{"start":{"line":188,"column":10},"end":{"line":188,"column":20}}},"fnMap":{"0":{"name":"(anonymous_0)","decl":{"start":{"line":23,"column":2},"end":{"line":23,"column":3}},"loc":{"start":{"line":23,"column":59},"end":{"line":31,"column":3}},"line":23},"1":{"name":"(anonymous_1)","decl":{"start":{"line":37,"column":2},"end":{"line":37,"column":3}},"loc":{"start":{"line":37,"column":25},"end":{"line":70,"column":3}},"line":37},"2":{"name":"(anonymous_2)","decl":{"start":{"line":53,"column":25},"end":{"line":53,"column":26}},"loc":{"start":{"line":53,"column":46},"end":{"line":65,"column":7}},"line":53},"3":{"name":"(anonymous_3)","decl":{"start":{"line":54,"column":56},"end":{"line":54,"column":57}},"loc":{"start":{"line":54,"column":76},"end":{"line":64,"column":9}},"line":54},"4":{"name":"(anonymous_4)","decl":{"start":{"line":78,"column":2},"end":{"line":78,"column":3}},"loc":{"start":{"line":78,"column":41},"end":{"line":97,"column":3}},"line":78},"5":{"name":"(anonymous_5)","decl":{"start":{"line":87,"column":23},"end":{"line":87,"column":24}},"loc":{"start":{"line":87,"column":44},"end":{"line":96,"column":5}},"line":87},"6":{"name":"(anonymous_6)","decl":{"start":{"line":88,"column":44},"end":{"line":88,"column":45}},"loc":{"start":{"line":88,"column":64},"end":{"line":95,"column":7}},"line":88},"7":{"name":"(anonymous_7)","decl":{"start":{"line":104,"column":2},"end":{"line":104,"column":3}},"loc":{"start":{"line":104,"column":36},"end":{"line":172,"column":3}},"line":104},"8":{"name":"(anonymous_8)","decl":{"start":{"line":110,"column":23},"end":{"line":110,"column":24}},"loc":{"start":{"line":110,"column":44},"end":{"line":171,"column":5}},"line":110},"9":{"name":"(anonymous_9)","decl":{"start":{"line":112,"column":31},"end":{"line":112,"column":32}},"loc":{"start":{"line":112,"column":64},"end":{"line":170,"column":7}},"line":112},"10":{"name":"(anonymous_10)","decl":{"start":{"line":123,"column":36},"end":{"line":123,"column":37}},"loc":{"start":{"line":123,"column":58},"end":{"line":169,"column":9}},"line":123},"11":{"name":"(anonymous_11)","decl":{"start":{"line":134,"column":32},"end":{"line":134,"column":33}},"loc":{"start":{"line":134,"column":63},"end":{"line":146,"column":15}},"line":134},"12":{"name":"(anonymous_12)","decl":{"start":{"line":138,"column":18},"end":{"line":138,"column":19}},"loc":{"start":{"line":138,"column":43},"end":{"line":144,"column":19}},"line":138},"13":{"name":"(anonymous_13)","decl":{"start":{"line":150,"column":30},"end":{"line":150,"column":31}},"loc":{"start":{"line":150,"column":47},"end":{"line":160,"column":13}},"line":150},"14":{"name":"(anonymous_14)","decl":{"start":{"line":152,"column":43},"end":{"line":152,"column":44}},"loc":{"start":{"line":152,"column":49},"end":{"line":155,"column":17}},"line":152},"15":{"name":"(anonymous_15)","decl":{"start":{"line":163,"column":32},"end":{"line":163,"column":33}},"loc":{"start":{"line":163,"column":38},"end":{"line":167,"column":13}},"line":163},"16":{"name":"(anonymous_16)","decl":{"start":{"line":178,"column":2},"end":{"line":178,"column":3}},"loc":{"start":{"line":178,"column":26},"end":{"line":192,"column":3}},"line":178},"17":{"name":"(anonymous_17)","decl":{"start":{"line":180,"column":25},"end":{"line":180,"column":26}},"loc":{"start":{"line":180,"column":46},"end":{"line":190,"column":7}},"line":180},"18":{"name":"(anonymous_18)","decl":{"start":{"line":181,"column":23},"end":{"line":181,"column":24}},"loc":{"start":{"line":181,"column":34},"end":{"line":189,"column":9}},"line":181}},"branchMap":{"0":{"loc":{"start":{"line":23,"column":46},"end":{"line":23,"column":57}},"type":"default-arg","locations":[{"start":{"line":23,"column":53},"end":{"line":23,"column":57}}],"line":23},"1":{"loc":{"start":{"line":55,"column":10},"end":{"line":59,"column":11}},"type":"if","locations":[{"start":{"line":55,"column":10},"end":{"line":59,"column":11}},{"start":{},"end":{}}],"line":55},"2":{"loc":{"start":{"line":78,"column":28},"end":{"line":78,"column":39}},"type":"default-arg","locations":[{"start":{"line":78,"column":37},"end":{"line":78,"column":39}}],"line":78},"3":{"loc":{"start":{"line":80,"column":4},"end":{"line":82,"column":5}},"type":"if","locations":[{"start":{"line":80,"column":4},"end":{"line":82,"column":5}},{"start":{},"end":{}}],"line":80},"4":{"loc":{"start":{"line":89,"column":8},"end":{"line":93,"column":9}},"type":"if","locations":[{"start":{"line":89,"column":8},"end":{"line":93,"column":9}},{"start":{},"end":{}}],"line":89},"5":{"loc":{"start":{"line":106,"column":4},"end":{"line":108,"column":5}},"type":"if","locations":[{"start":{"line":106,"column":4},"end":{"line":108,"column":5}},{"start":{},"end":{}}],"line":106},"6":{"loc":{"start":{"line":113,"column":8},"end":{"line":120,"column":9}},"type":"if","locations":[{"start":{"line":113,"column":8},"end":{"line":120,"column":9}},{"start":{},"end":{}}],"line":113},"7":{"loc":{"start":{"line":124,"column":10},"end":{"line":129,"column":11}},"type":"if","locations":[{"start":{"line":124,"column":10},"end":{"line":129,"column":11}},{"start":{},"end":{}}],"line":124},"8":{"loc":{"start":{"line":137,"column":18},"end":{"line":137,"column":39}},"type":"binary-expr","locations":[{"start":{"line":137,"column":18},"end":{"line":137,"column":33}},{"start":{"line":137,"column":37},"end":{"line":137,"column":39}}],"line":137},"9":{"loc":{"start":{"line":139,"column":20},"end":{"line":142,"column":21}},"type":"if","locations":[{"start":{"line":139,"column":20},"end":{"line":142,"column":21}},{"start":{},"end":{}}],"line":139},"10":{"loc":{"start":{"line":151,"column":14},"end":{"line":156,"column":15}},"type":"if","locations":[{"start":{"line":151,"column":14},"end":{"line":156,"column":15}},{"start":{},"end":{}}],"line":151},"11":{"loc":{"start":{"line":179,"column":4},"end":{"line":191,"column":5}},"type":"if","locations":[{"start":{"line":179,"column":4},"end":{"line":191,"column":5}},{"start":{},"end":{}}],"line":179},"12":{"loc":{"start":{"line":182,"column":10},"end":{"line":186,"column":11}},"type":"if","locations":[{"start":{"line":182,"column":10},"end":{"line":186,"column":11}},{"start":{},"end":{}}],"line":182}},"s":{"0":0,"1":0,"2":0,"3":0,"4":0,"5":0,"6":0,"7":0,"8":0,"9":0,"10":0,"11":0,"12":0,"13":0,"14":0,"15":0,"16":0,"17":0,"18":0,"19":0,"20":0,"21":0,"22":0,"23":0,"24":0,"25":0,"26":0,"27":0,"28":0,"29":0,"30":0,"31":0,"32":0,"33":0,"34":0,"35":0,"36":0,"37":0,"38":0,"39":0,"40":0,"41":0,"42":0,"43":0,"44":0,"45":0,"46":0,"47":0,"48":0,"49":0,"50":0,"51":0,"52":0,"53":0,"54":0,"55":0,"56":0,"57":0,"58":0,"59":0,"60":0,"61":0,"62":0,"63":0,"64":0,"65":0,"66":0,"67":0,"68":0,"69":0,"70":0,"71":0},"f":{"0":0,"1":0,"2":0,"3":0,"4":0,"5":0,"6":0,"7":0,"8":0,"9":0,"10":0,"11":0,"12":0,"13":0,"14":0,"15":0,"16":0,"17":0,"18":0},"b":{"0":[0],"1":[0,0],"2":[0],"3":[0,0],"4":[0,0],"5":[0,0],"6":[0,0],"7":[0,0],"8":[0,0],"9":[0,0],"10":[0,0],"11":[0,0],"12":[0,0]},"inputSourceMap":null}
,"C:\\Users\\mobuc\\OneDrive\\Documents\\IBM Preparation\\WK 6\\Library Management System\\library-management-system\\api\\Exceptions\\Exception.js": {"path":"C:\\Users\\mobuc\\OneDrive\\Documents\\IBM Preparation\\WK 6\\Library Management System\\library-management-system\\api\\Exceptions\\Exception.js","statementMap":{"0":{"start":{"line":3,"column":4},"end":{"line":3,"column":19}},"1":{"start":{"line":4,"column":4},"end":{"line":4,"column":34}},"2":{"start":{"line":10,"column":4},"end":{"line":10,"column":19}},"3":{"start":{"line":11,"column":4},"end":{"line":11,"column":35}}},"fnMap":{"0":{"name":"(anonymous_0)","decl":{"start":{"line":2,"column":2},"end":{"line":2,"column":3}},"loc":{"start":{"line":2,"column":23},"end":{"line":5,"column":3}},"line":2},"1":{"name":"(anonymous_1)","decl":{"start":{"line":9,"column":2},"end":{"line":9,"column":3}},"loc":{"start":{"line":9,"column":23},"end":{"line":12,"column":3}},"line":9}},"branchMap":{},"s":{"0":0,"1":0,"2":0,"3":0},"f":{"0":0,"1":0},"b":{},"inputSourceMap":null}
,"C:\\Users\\mobuc\\OneDrive\\Documents\\IBM Preparation\\WK 6\\Library Management System\\library-management-system\\api\\Format Validator\\FormatValidator.js": {"path":"C:\\Users\\mobuc\\OneDrive\\Documents\\IBM Preparation\\WK 6\\Library Management System\\library-management-system\\api\\Format Validator\\FormatValidator.js","statementMap":{"0":{"start":{"line":3,"column":23},"end":{"line":3,"column":41}},"1":{"start":{"line":5,"column":4},"end":{"line":5,"column":39}},"2":{"start":{"line":9,"column":25},"end":{"line":9,"column":48}},"3":{"start":{"line":11,"column":4},"end":{"line":11,"column":43}},"4":{"start":{"line":15,"column":32},"end":{"line":15,"column":62}},"5":{"start":{"line":17,"column":4},"end":{"line":17,"column":57}},"6":{"start":{"line":20,"column":24},"end":{"line":20,"column":52}},"7":{"start":{"line":22,"column":4},"end":{"line":22,"column":41}},"8":{"start":{"line":26,"column":33},"end":{"line":26,"column":72}},"9":{"start":{"line":28,"column":4},"end":{"line":28,"column":53}},"10":{"start":{"line":32,"column":4},"end":{"line":32,"column":38}}},"fnMap":{"0":{"name":"(anonymous_0)","decl":{"start":{"line":4,"column":2},"end":{"line":4,"column":3}},"loc":{"start":{"line":4,"column":28},"end":{"line":6,"column":3}},"line":4},"1":{"name":"(anonymous_1)","decl":{"start":{"line":10,"column":2},"end":{"line":10,"column":3}},"loc":{"start":{"line":10,"column":32},"end":{"line":12,"column":3}},"line":10},"2":{"name":"(anonymous_2)","decl":{"start":{"line":16,"column":2},"end":{"line":16,"column":3}},"loc":{"start":{"line":16,"column":46},"end":{"line":18,"column":3}},"line":16},"3":{"name":"(anonymous_3)","decl":{"start":{"line":21,"column":2},"end":{"line":21,"column":3}},"loc":{"start":{"line":21,"column":30},"end":{"line":23,"column":3}},"line":21},"4":{"name":"(anonymous_4)","decl":{"start":{"line":27,"column":2},"end":{"line":27,"column":3}},"loc":{"start":{"line":27,"column":36},"end":{"line":29,"column":3}},"line":27},"5":{"name":"(anonymous_5)","decl":{"start":{"line":31,"column":2},"end":{"line":31,"column":3}},"loc":{"start":{"line":31,"column":32},"end":{"line":33,"column":3}},"line":31}},"branchMap":{},"s":{"0":0,"1":0,"2":0,"3":0,"4":0,"5":0,"6":0,"7":0,"8":0,"9":0,"10":0},"f":{"0":0,"1":0,"2":0,"3":0,"4":0,"5":0},"b":{},"inputSourceMap":null}
,"C:\\Users\\mobuc\\OneDrive\\Documents\\IBM Preparation\\WK 6\\Library Management System\\library-management-system\\api\\Items\\Item.js": {"path":"C:\\Users\\mobuc\\OneDrive\\Documents\\IBM Preparation\\WK 6\\Library Management System\\library-management-system\\api\\Items\\Item.js","statementMap":{"0":{"start":{"line":14,"column":27},"end":{"line":14,"column":35}}},"fnMap":{},"branchMap":{},"s":{"0":0},"f":{},"b":{},"inputSourceMap":null}
,"C:\\Users\\mobuc\\OneDrive\\Documents\\IBM Preparation\\WK 6\\Library Management System\\library-management-system\\api\\Repositories\\ClientRepository.js": {"path":"C:\\Users\\mobuc\\OneDrive\\Documents\\IBM Preparation\\WK 6\\Library Management System\\library-management-system\\api\\Repositories\\ClientRepository.js","statementMap":{"0":{"start":{"line":10,"column":4},"end":{"line":10,"column":12}},"1":{"start":{"line":14,"column":4},"end":{"line":36,"column":5}},"2":{"start":{"line":15,"column":6},"end":{"line":15,"column":37}},"3":{"start":{"line":16,"column":18},"end":{"line":26,"column":49}},"4":{"start":{"line":28,"column":19},"end":{"line":28,"column":29}},"5":{"start":{"line":30,"column":22},"end":{"line":30,"column":63}},"6":{"start":{"line":31,"column":6},"end":{"line":31,"column":21}},"7":{"start":{"line":33,"column":6},"end":{"line":33,"column":54}},"8":{"start":{"line":35,"column":6},"end":{"line":35,"column":38}},"9":{"start":{"line":40,"column":4},"end":{"line":62,"column":5}},"10":{"start":{"line":41,"column":6},"end":{"line":41,"column":37}},"11":{"start":{"line":42,"column":18},"end":{"line":52,"column":47}},"12":{"start":{"line":54,"column":19},"end":{"line":54,"column":29}},"13":{"start":{"line":56,"column":22},"end":{"line":56,"column":63}},"14":{"start":{"line":57,"column":6},"end":{"line":57,"column":21}},"15":{"start":{"line":59,"column":6},"end":{"line":59,"column":54}},"16":{"start":{"line":61,"column":6},"end":{"line":61,"column":38}},"17":{"start":{"line":66,"column":4},"end":{"line":88,"column":5}},"18":{"start":{"line":67,"column":6},"end":{"line":67,"column":37}},"19":{"start":{"line":68,"column":18},"end":{"line":78,"column":54}},"20":{"start":{"line":80,"column":19},"end":{"line":80,"column":29}},"21":{"start":{"line":82,"column":22},"end":{"line":82,"column":63}},"22":{"start":{"line":83,"column":6},"end":{"line":83,"column":21}},"23":{"start":{"line":85,"column":6},"end":{"line":85,"column":54}},"24":{"start":{"line":87,"column":6},"end":{"line":87,"column":38}},"25":{"start":{"line":91,"column":24},"end":{"line":94,"column":5}},"26":{"start":{"line":96,"column":4},"end":{"line":96,"column":63}},"27":{"start":{"line":100,"column":24},"end":{"line":103,"column":5}},"28":{"start":{"line":105,"column":4},"end":{"line":105,"column":63}},"29":{"start":{"line":109,"column":24},"end":{"line":112,"column":5}},"30":{"start":{"line":114,"column":4},"end":{"line":114,"column":63}},"31":{"start":{"line":117,"column":24},"end":{"line":120,"column":5}},"32":{"start":{"line":122,"column":4},"end":{"line":122,"column":63}},"33":{"start":{"line":127,"column":24},"end":{"line":130,"column":5}},"34":{"start":{"line":131,"column":4},"end":{"line":131,"column":63}}},"fnMap":{"0":{"name":"(anonymous_0)","decl":{"start":{"line":9,"column":2},"end":{"line":9,"column":3}},"loc":{"start":{"line":9,"column":16},"end":{"line":11,"column":3}},"line":9},"1":{"name":"(anonymous_1)","decl":{"start":{"line":13,"column":2},"end":{"line":13,"column":3}},"loc":{"start":{"line":13,"column":35},"end":{"line":37,"column":3}},"line":13},"2":{"name":"(anonymous_2)","decl":{"start":{"line":39,"column":2},"end":{"line":39,"column":3}},"loc":{"start":{"line":39,"column":34},"end":{"line":63,"column":3}},"line":39},"3":{"name":"(anonymous_3)","decl":{"start":{"line":65,"column":2},"end":{"line":65,"column":3}},"loc":{"start":{"line":65,"column":31},"end":{"line":89,"column":3}},"line":65},"4":{"name":"(anonymous_4)","decl":{"start":{"line":90,"column":2},"end":{"line":90,"column":3}},"loc":{"start":{"line":90,"column":39},"end":{"line":97,"column":3}},"line":90},"5":{"name":"(anonymous_5)","decl":{"start":{"line":99,"column":2},"end":{"line":99,"column":3}},"loc":{"start":{"line":99,"column":37},"end":{"line":106,"column":3}},"line":99},"6":{"name":"(anonymous_6)","decl":{"start":{"line":108,"column":2},"end":{"line":108,"column":3}},"loc":{"start":{"line":108,"column":35},"end":{"line":115,"column":3}},"line":108},"7":{"name":"(anonymous_7)","decl":{"start":{"line":116,"column":2},"end":{"line":116,"column":3}},"loc":{"start":{"line":116,"column":37},"end":{"line":123,"column":3}},"line":116},"8":{"name":"(anonymous_8)","decl":{"start":{"line":125,"column":2},"end":{"line":125,"column":3}},"loc":{"start":{"line":125,"column":36},"end":{"line":132,"column":3}},"line":125}},"branchMap":{},"s":{"0":0,"1":0,"2":0,"3":0,"4":0,"5":0,"6":0,"7":0,"8":0,"9":0,"10":0,"11":0,"12":0,"13":0,"14":0,"15":0,"16":0,"17":0,"18":0,"19":0,"20":0,"21":0,"22":0,"23":0,"24":0,"25":0,"26":0,"27":0,"28":0,"29":0,"30":0,"31":0,"32":0,"33":0,"34":0},"f":{"0":0,"1":0,"2":0,"3":0,"4":0,"5":0,"6":0,"7":0,"8":0},"b":{},"inputSourceMap":null}
,"C:\\Users\\mobuc\\OneDrive\\Documents\\IBM Preparation\\WK 6\\Library Management System\\library-management-system\\api\\Repositories\\ItemRepository.js": {"path":"C:\\Users\\mobuc\\OneDrive\\Documents\\IBM Preparation\\WK 6\\Library Management System\\library-management-system\\api\\Repositories\\ItemRepository.js","statementMap":{"0":{"start":{"line":5,"column":4},"end":{"line":5,"column":12}},"1":{"start":{"line":13,"column":4},"end":{"line":41,"column":5}},"2":{"start":{"line":14,"column":6},"end":{"line":14,"column":37}},"3":{"start":{"line":16,"column":18},"end":{"line":16,"column":49}},"4":{"start":{"line":18,"column":19},"end":{"line":18,"column":21}},"5":{"start":{"line":20,"column":6},"end":{"line":23,"column":7}},"6":{"start":{"line":21,"column":8},"end":{"line":21,"column":37}},"7":{"start":{"line":22,"column":8},"end":{"line":22,"column":49}},"8":{"start":{"line":25,"column":6},"end":{"line":28,"column":7}},"9":{"start":{"line":26,"column":8},"end":{"line":26,"column":37}},"10":{"start":{"line":27,"column":8},"end":{"line":27,"column":49}},"11":{"start":{"line":30,"column":6},"end":{"line":33,"column":7}},"12":{"start":{"line":31,"column":8},"end":{"line":31,"column":39}},"13":{"start":{"line":32,"column":8},"end":{"line":32,"column":51}},"14":{"start":{"line":35,"column":22},"end":{"line":35,"column":63}},"15":{"start":{"line":36,"column":6},"end":{"line":36,"column":46}},"16":{"start":{"line":38,"column":6},"end":{"line":38,"column":54}},"17":{"start":{"line":40,"column":6},"end":{"line":40,"column":38}}},"fnMap":{"0":{"name":"(anonymous_0)","decl":{"start":{"line":4,"column":2},"end":{"line":4,"column":3}},"loc":{"start":{"line":4,"column":16},"end":{"line":6,"column":3}},"line":4},"1":{"name":"(anonymous_1)","decl":{"start":{"line":10,"column":2},"end":{"line":10,"column":3}},"loc":{"start":{"line":10,"column":32},"end":{"line":10,"column":34}},"line":10},"2":{"name":"(anonymous_2)","decl":{"start":{"line":12,"column":2},"end":{"line":12,"column":3}},"loc":{"start":{"line":12,"column":36},"end":{"line":42,"column":3}},"line":12}},"branchMap":{"0":{"loc":{"start":{"line":20,"column":6},"end":{"line":23,"column":7}},"type":"if","locations":[{"start":{"line":20,"column":6},"end":{"line":23,"column":7}},{"start":{},"end":{}}],"line":20},"1":{"loc":{"start":{"line":20,"column":10},"end":{"line":20,"column":53}},"type":"binary-expr","locations":[{"start":{"line":20,"column":10},"end":{"line":20,"column":23}},{"start":{"line":20,"column":27},"end":{"line":20,"column":53}}],"line":20},"2":{"loc":{"start":{"line":25,"column":6},"end":{"line":28,"column":7}},"type":"if","locations":[{"start":{"line":25,"column":6},"end":{"line":28,"column":7}},{"start":{},"end":{}}],"line":25},"3":{"loc":{"start":{"line":25,"column":10},"end":{"line":25,"column":53}},"type":"binary-expr","locations":[{"start":{"line":25,"column":10},"end":{"line":25,"column":23}},{"start":{"line":25,"column":27},"end":{"line":25,"column":53}}],"line":25},"4":{"loc":{"start":{"line":30,"column":6},"end":{"line":33,"column":7}},"type":"if","locations":[{"start":{"line":30,"column":6},"end":{"line":33,"column":7}},{"start":{},"end":{}}],"line":30},"5":{"loc":{"start":{"line":30,"column":10},"end":{"line":30,"column":57}},"type":"binary-expr","locations":[{"start":{"line":30,"column":10},"end":{"line":30,"column":25}},{"start":{"line":30,"column":29},"end":{"line":30,"column":57}}],"line":30}},"s":{"0":0,"1":0,"2":0,"3":0,"4":0,"5":0,"6":0,"7":0,"8":0,"9":0,"10":0,"11":0,"12":0,"13":0,"14":0,"15":0,"16":0,"17":0},"f":{"0":0,"1":0,"2":0},"b":{"0":[0,0],"1":[0,0],"2":[0,0],"3":[0,0],"4":[0,0],"5":[0,0]},"inputSourceMap":null}
,"C:\\Users\\mobuc\\OneDrive\\Documents\\IBM Preparation\\WK 6\\Library Management System\\library-management-system\\api\\Repositories\\LibrarianRepository.js": {"path":"C:\\Users\\mobuc\\OneDrive\\Documents\\IBM Preparation\\WK 6\\Library Management System\\library-management-system\\api\\Repositories\\LibrarianRepository.js","statementMap":{"0":{"start":{"line":5,"column":4},"end":{"line":5,"column":12}},"1":{"start":{"line":9,"column":28},"end":{"line":9,"column":60}},"2":{"start":{"line":11,"column":4},"end":{"line":13,"column":5}},"3":{"start":{"line":12,"column":6},"end":{"line":12,"column":62}},"4":{"start":{"line":15,"column":4},"end":{"line":17,"column":5}},"5":{"start":{"line":16,"column":6},"end":{"line":16,"column":72}},"6":{"start":{"line":19,"column":24},"end":{"line":22,"column":5}}},"fnMap":{"0":{"name":"(anonymous_0)","decl":{"start":{"line":4,"column":2},"end":{"line":4,"column":3}},"loc":{"start":{"line":4,"column":16},"end":{"line":6,"column":3}},"line":4},"1":{"name":"(anonymous_1)","decl":{"start":{"line":8,"column":2},"end":{"line":8,"column":3}},"loc":{"start":{"line":8,"column":39},"end":{"line":25,"column":3}},"line":8}},"branchMap":{"0":{"loc":{"start":{"line":11,"column":4},"end":{"line":13,"column":5}},"type":"if","locations":[{"start":{"line":11,"column":4},"end":{"line":13,"column":5}},{"start":{},"end":{}}],"line":11},"1":{"loc":{"start":{"line":15,"column":4},"end":{"line":17,"column":5}},"type":"if","locations":[{"start":{"line":15,"column":4},"end":{"line":17,"column":5}},{"start":{},"end":{}}],"line":15},"2":{"loc":{"start":{"line":15,"column":8},"end":{"line":15,"column":72}},"type":"binary-expr","locations":[{"start":{"line":15,"column":8},"end":{"line":15,"column":31}},{"start":{"line":15,"column":35},"end":{"line":15,"column":72}}],"line":15}},"s":{"0":0,"1":0,"2":0,"3":0,"4":0,"5":0,"6":0},"f":{"0":0,"1":0},"b":{"0":[0,0],"1":[0,0],"2":[0,0]},"inputSourceMap":null}
,"C:\\Users\\mobuc\\OneDrive\\Documents\\IBM Preparation\\WK 6\\Library Management System\\library-management-system\\api\\Repositories\\Repository.js": {"path":"C:\\Users\\mobuc\\OneDrive\\Documents\\IBM Preparation\\WK 6\\Library Management System\\library-management-system\\api\\Repositories\\Repository.js","statementMap":{"0":{"start":{"line":3,"column":0},"end":{"line":3,"column":16}},"1":{"start":{"line":8,"column":4},"end":{"line":14,"column":6}}},"fnMap":{"0":{"name":"(anonymous_0)","decl":{"start":{"line":7,"column":2},"end":{"line":7,"column":3}},"loc":{"start":{"line":7,"column":16},"end":{"line":15,"column":3}},"line":7}},"branchMap":{},"s":{"0":0,"1":0},"f":{"0":0},"b":{},"inputSourceMap":null}
,"C:\\Users\\mobuc\\OneDrive\\Documents\\IBM Preparation\\WK 6\\Library Management System\\library-management-system\\api\\Repositories\\UserRepository.js": {"path":"C:\\Users\\mobuc\\OneDrive\\Documents\\IBM Preparation\\WK 6\\Library Management System\\library-management-system\\api\\Repositories\\UserRepository.js","statementMap":{"0":{"start":{"line":6,"column":4},"end":{"line":6,"column":12}},"1":{"start":{"line":8,"column":4},"end":{"line":12,"column":5}},"2":{"start":{"line":9,"column":6},"end":{"line":11,"column":8}},"3":{"start":{"line":22,"column":4},"end":{"line":24,"column":6}},"4":{"start":{"line":33,"column":4},"end":{"line":49,"column":5}},"5":{"start":{"line":35,"column":8},"end":{"line":35,"column":47}},"6":{"start":{"line":37,"column":6},"end":{"line":37,"column":37}},"7":{"start":{"line":38,"column":18},"end":{"line":39,"column":32}},"8":{"start":{"line":41,"column":19},"end":{"line":41,"column":27}},"9":{"start":{"line":43,"column":22},"end":{"line":43,"column":63}},"10":{"start":{"line":44,"column":6},"end":{"line":44,"column":21}},"11":{"start":{"line":46,"column":6},"end":{"line":46,"column":54}},"12":{"start":{"line":48,"column":6},"end":{"line":48,"column":38}},"13":{"start":{"line":59,"column":4},"end":{"line":80,"column":5}},"14":{"start":{"line":61,"column":8},"end":{"line":61,"column":47}},"15":{"start":{"line":63,"column":6},"end":{"line":63,"column":37}},"16":{"start":{"line":65,"column":35},"end":{"line":65,"column":66}},"17":{"start":{"line":67,"column":18},"end":{"line":70,"column":32}},"18":{"start":{"line":72,"column":19},"end":{"line":72,"column":38}},"19":{"start":{"line":74,"column":22},"end":{"line":74,"column":63}},"20":{"start":{"line":75,"column":6},"end":{"line":75,"column":21}},"21":{"start":{"line":77,"column":6},"end":{"line":77,"column":54}},"22":{"start":{"line":79,"column":6},"end":{"line":79,"column":38}},"23":{"start":{"line":89,"column":4},"end":{"line":105,"column":5}},"24":{"start":{"line":91,"column":8},"end":{"line":91,"column":47}},"25":{"start":{"line":93,"column":6},"end":{"line":93,"column":37}},"26":{"start":{"line":95,"column":18},"end":{"line":96,"column":34}},"27":{"start":{"line":97,"column":19},"end":{"line":97,"column":27}},"28":{"start":{"line":99,"column":22},"end":{"line":99,"column":63}},"29":{"start":{"line":100,"column":6},"end":{"line":100,"column":21}},"30":{"start":{"line":102,"column":6},"end":{"line":102,"column":54}},"31":{"start":{"line":104,"column":6},"end":{"line":104,"column":38}},"32":{"start":{"line":117,"column":27},"end":{"line":120,"column":5}},"33":{"start":{"line":122,"column":23},"end":{"line":122,"column":29}},"34":{"start":{"line":124,"column":4},"end":{"line":126,"column":7}},"35":{"start":{"line":125,"column":6},"end":{"line":125,"column":36}},"36":{"start":{"line":128,"column":4},"end":{"line":130,"column":5}},"37":{"start":{"line":129,"column":6},"end":{"line":129,"column":68}},"38":{"start":{"line":132,"column":4},"end":{"line":132,"column":34}},"39":{"start":{"line":146,"column":24},"end":{"line":146,"column":43}},"40":{"start":{"line":147,"column":19},"end":{"line":147,"column":49}},"41":{"start":{"line":149,"column":4},"end":{"line":164,"column":5}},"42":{"start":{"line":151,"column":8},"end":{"line":151,"column":34}},"43":{"start":{"line":152,"column":8},"end":{"line":152,"column":35}},"44":{"start":{"line":153,"column":8},"end":{"line":153,"column":14}},"45":{"start":{"line":156,"column":8},"end":{"line":156,"column":37}},"46":{"start":{"line":157,"column":8},"end":{"line":157,"column":38}},"47":{"start":{"line":158,"column":8},"end":{"line":158,"column":14}},"48":{"start":{"line":161,"column":8},"end":{"line":161,"column":37}},"49":{"start":{"line":162,"column":8},"end":{"line":162,"column":38}},"50":{"start":{"line":163,"column":8},"end":{"line":163,"column":14}},"51":{"start":{"line":166,"column":4},"end":{"line":166,"column":41}}},"fnMap":{"0":{"name":"(anonymous_0)","decl":{"start":{"line":5,"column":2},"end":{"line":5,"column":3}},"loc":{"start":{"line":5,"column":16},"end":{"line":13,"column":3}},"line":5},"1":{"name":"(anonymous_1)","decl":{"start":{"line":21,"column":2},"end":{"line":21,"column":3}},"loc":{"start":{"line":21,"column":29},"end":{"line":25,"column":3}},"line":21},"2":{"name":"(anonymous_2)","decl":{"start":{"line":32,"column":2},"end":{"line":32,"column":3}},"loc":{"start":{"line":32,"column":25},"end":{"line":50,"column":3}},"line":32},"3":{"name":"(anonymous_3)","decl":{"start":{"line":58,"column":2},"end":{"line":58,"column":3}},"loc":{"start":{"line":58,"column":39},"end":{"line":81,"column":3}},"line":58},"4":{"name":"(anonymous_4)","decl":{"start":{"line":88,"column":2},"end":{"line":88,"column":3}},"loc":{"start":{"line":88,"column":27},"end":{"line":106,"column":3}},"line":88},"5":{"name":"(anonymous_5)","decl":{"start":{"line":124,"column":17},"end":{"line":124,"column":18}},"loc":{"start":{"line":124,"column":26},"end":{"line":126,"column":5}},"line":124}},"branchMap":{"0":{"loc":{"start":{"line":8,"column":4},"end":{"line":12,"column":5}},"type":"if","locations":[{"start":{"line":8,"column":4},"end":{"line":12,"column":5}},{"start":{},"end":{}}],"line":8},"1":{"loc":{"start":{"line":128,"column":4},"end":{"line":130,"column":5}},"type":"if","locations":[{"start":{"line":128,"column":4},"end":{"line":130,"column":5}},{"start":{},"end":{}}],"line":128},"2":{"loc":{"start":{"line":149,"column":4},"end":{"line":164,"column":5}},"type":"switch","locations":[{"start":{"line":150,"column":6},"end":{"line":153,"column":14}},{"start":{"line":155,"column":6},"end":{"line":158,"column":14}},{"start":{"line":160,"column":6},"end":{"line":163,"column":14}}],"line":149}},"s":{"0":0,"1":0,"2":0,"3":0,"4":0,"5":0,"6":0,"7":0,"8":0,"9":0,"10":0,"11":0,"12":0,"13":0,"14":0,"15":0,"16":0,"17":0,"18":0,"19":0,"20":0,"21":0,"22":0,"23":0,"24":0,"25":0,"26":0,"27":0,"28":0,"29":0,"30":0,"31":0,"32":0,"33":0,"34":0,"35":0,"36":0,"37":0,"38":0,"39":0,"40":0,"41":0,"42":0,"43":0,"44":0,"45":0,"46":0,"47":0,"48":0,"49":0,"50":0,"51":0},"f":{"0":0,"1":0,"2":0,"3":0,"4":0,"5":0},"b":{"0":[0,0],"1":[0,0],"2":[0,0,0]},"inputSourceMap":null}
,"C:\\Users\\mobuc\\OneDrive\\Documents\\IBM Preparation\\WK 6\\Library Management System\\library-management-system\\api\\Transactions\\Transaction.js": {"path":"C:\\Users\\mobuc\\OneDrive\\Documents\\IBM Preparation\\WK 6\\Library Management System\\library-management-system\\api\\Transactions\\Transaction.js","statementMap":{"0":{"start":{"line":13,"column":36},"end":{"line":19,"column":2}},"1":{"start":{"line":22,"column":39},"end":{"line":26,"column":2}},"2":{"start":{"line":29,"column":29},"end":{"line":32,"column":2}},"3":{"start":{"line":42,"column":4},"end":{"line":42,"column":25}},"4":{"start":{"line":43,"column":4},"end":{"line":43,"column":25}},"5":{"start":{"line":44,"column":4},"end":{"line":44,"column":47}},"6":{"start":{"line":45,"column":4},"end":{"line":45,"column":76}},"7":{"start":{"line":46,"column":4},"end":{"line":46,"column":76}},"8":{"start":{"line":60,"column":23},"end":{"line":60,"column":61}},"9":{"start":{"line":61,"column":23},"end":{"line":61,"column":25}},"10":{"start":{"line":63,"column":4},"end":{"line":67,"column":5}},"11":{"start":{"line":63,"column":17},"end":{"line":63,"column":18}},"12":{"start":{"line":64,"column":6},"end":{"line":66,"column":8}},"13":{"start":{"line":70,"column":4},"end":{"line":70,"column":50}},"14":{"start":{"line":84,"column":4},"end":{"line":110,"column":5}},"15":{"start":{"line":85,"column":15},"end":{"line":91,"column":7}},"16":{"start":{"line":92,"column":6},"end":{"line":92,"column":32}},"17":{"start":{"line":93,"column":18},"end":{"line":95,"column":26}},"18":{"start":{"line":97,"column":19},"end":{"line":102,"column":7}},"19":{"start":{"line":104,"column":22},"end":{"line":104,"column":58}},"20":{"start":{"line":105,"column":6},"end":{"line":105,"column":21}},"21":{"start":{"line":107,"column":6},"end":{"line":107,"column":54}},"22":{"start":{"line":109,"column":6},"end":{"line":109,"column":33}},"23":{"start":{"line":114,"column":27},"end":{"line":120,"column":1}},"24":{"start":{"line":122,"column":30},"end":{"line":126,"column":1}}},"fnMap":{"0":{"name":"(anonymous_0)","decl":{"start":{"line":41,"column":2},"end":{"line":41,"column":3}},"loc":{"start":{"line":41,"column":54},"end":{"line":47,"column":3}},"line":41},"1":{"name":"(anonymous_1)","decl":{"start":{"line":58,"column":2},"end":{"line":58,"column":3}},"loc":{"start":{"line":58,"column":43},"end":{"line":71,"column":3}},"line":58},"2":{"name":"(anonymous_2)","decl":{"start":{"line":83,"column":2},"end":{"line":83,"column":3}},"loc":{"start":{"line":83,"column":55},"end":{"line":111,"column":3}},"line":83}},"branchMap":{"0":{"loc":{"start":{"line":41,"column":30},"end":{"line":41,"column":52}},"type":"default-arg","locations":[{"start":{"line":41,"column":50},"end":{"line":41,"column":52}}],"line":41}},"s":{"0":0,"1":0,"2":0,"3":0,"4":0,"5":0,"6":0,"7":0,"8":0,"9":0,"10":0,"11":0,"12":0,"13":0,"14":0,"15":0,"16":0,"17":0,"18":0,"19":0,"20":0,"21":0,"22":0,"23":0,"24":0},"f":{"0":0,"1":0,"2":0},"b":{"0":[0]},"inputSourceMap":null}
,"C:\\Users\\mobuc\\OneDrive\\Documents\\IBM Preparation\\WK 6\\Library Management System\\library-management-system\\api\\Transactions\\Client Transactions\\CancelHoldTransaction.js": {"path":"C:\\Users\\mobuc\\OneDrive\\Documents\\IBM Preparation\\WK 6\\Library Management System\\library-management-system\\api\\Transactions\\Client Transactions\\CancelHoldTransaction.js","statementMap":{"0":{"start":{"line":4,"column":29},"end":{"line":4,"column":34}},"1":{"start":{"line":6,"column":4},"end":{"line":6,"column":67}}},"fnMap":{"0":{"name":"(anonymous_0)","decl":{"start":{"line":5,"column":2},"end":{"line":5,"column":3}},"loc":{"start":{"line":5,"column":30},"end":{"line":7,"column":3}},"line":5}},"branchMap":{},"s":{"0":0,"1":0},"f":{"0":0},"b":{},"inputSourceMap":null}
,"C:\\Users\\mobuc\\OneDrive\\Documents\\IBM Preparation\\WK 6\\Library Management System\\library-management-system\\api\\Transactions\\Client Transactions\\CheckOutTransaction.js": {"path":"C:\\Users\\mobuc\\OneDrive\\Documents\\IBM Preparation\\WK 6\\Library Management System\\library-management-system\\api\\Transactions\\Client Transactions\\CheckOutTransaction.js","statementMap":{"0":{"start":{"line":4,"column":29},"end":{"line":4,"column":34}},"1":{"start":{"line":6,"column":4},"end":{"line":6,"column":65}}},"fnMap":{"0":{"name":"(anonymous_0)","decl":{"start":{"line":5,"column":2},"end":{"line":5,"column":3}},"loc":{"start":{"line":5,"column":30},"end":{"line":7,"column":3}},"line":5}},"branchMap":{},"s":{"0":0,"1":0},"f":{"0":0},"b":{},"inputSourceMap":null}
,"C:\\Users\\mobuc\\OneDrive\\Documents\\IBM Preparation\\WK 6\\Library Management System\\library-management-system\\api\\Transactions\\Client Transactions\\HoldTransaction.js": {"path":"C:\\Users\\mobuc\\OneDrive\\Documents\\IBM Preparation\\WK 6\\Library Management System\\library-management-system\\api\\Transactions\\Client Transactions\\HoldTransaction.js","statementMap":{"0":{"start":{"line":4,"column":29},"end":{"line":4,"column":34}},"1":{"start":{"line":6,"column":4},"end":{"line":6,"column":61}}},"fnMap":{"0":{"name":"(anonymous_0)","decl":{"start":{"line":5,"column":2},"end":{"line":5,"column":3}},"loc":{"start":{"line":5,"column":30},"end":{"line":7,"column":3}},"line":5}},"branchMap":{},"s":{"0":0,"1":0},"f":{"0":0},"b":{},"inputSourceMap":null}
,"C:\\Users\\mobuc\\OneDrive\\Documents\\IBM Preparation\\WK 6\\Library Management System\\library-management-system\\api\\Transactions\\Client Transactions\\RenewalTransaction.js": {"path":"C:\\Users\\mobuc\\OneDrive\\Documents\\IBM Preparation\\WK 6\\Library Management System\\library-management-system\\api\\Transactions\\Client Transactions\\RenewalTransaction.js","statementMap":{"0":{"start":{"line":4,"column":29},"end":{"line":4,"column":34}},"1":{"start":{"line":6,"column":4},"end":{"line":6,"column":64}}},"fnMap":{"0":{"name":"(anonymous_0)","decl":{"start":{"line":5,"column":2},"end":{"line":5,"column":3}},"loc":{"start":{"line":5,"column":30},"end":{"line":7,"column":3}},"line":5}},"branchMap":{},"s":{"0":0,"1":0},"f":{"0":0},"b":{},"inputSourceMap":null}
,"C:\\Users\\mobuc\\OneDrive\\Documents\\IBM Preparation\\WK 6\\Library Management System\\library-management-system\\api\\Transactions\\Client Transactions\\ReturnTransaction.js": {"path":"C:\\Users\\mobuc\\OneDrive\\Documents\\IBM Preparation\\WK 6\\Library Management System\\library-management-system\\api\\Transactions\\Client Transactions\\ReturnTransaction.js","statementMap":{"0":{"start":{"line":4,"column":29},"end":{"line":4,"column":34}},"1":{"start":{"line":6,"column":4},"end":{"line":6,"column":63}}},"fnMap":{"0":{"name":"(anonymous_0)","decl":{"start":{"line":5,"column":2},"end":{"line":5,"column":3}},"loc":{"start":{"line":5,"column":30},"end":{"line":7,"column":3}},"line":5}},"branchMap":{},"s":{"0":0,"1":0},"f":{"0":0},"b":{},"inputSourceMap":null}
,"C:\\Users\\mobuc\\OneDrive\\Documents\\IBM Preparation\\WK 6\\Library Management System\\library-management-system\\api\\Transactions\\Librarian Transactions\\AddItemTransaction.js": {"path":"C:\\Users\\mobuc\\OneDrive\\Documents\\IBM Preparation\\WK 6\\Library Management System\\library-management-system\\api\\Transactions\\Librarian Transactions\\AddItemTransaction.js","statementMap":{"0":{"start":{"line":4,"column":29},"end":{"line":4,"column":34}},"1":{"start":{"line":6,"column":4},"end":{"line":6,"column":64}}},"fnMap":{"0":{"name":"(anonymous_0)","decl":{"start":{"line":5,"column":2},"end":{"line":5,"column":3}},"loc":{"start":{"line":5,"column":30},"end":{"line":7,"column":3}},"line":5}},"branchMap":{},"s":{"0":0,"1":0},"f":{"0":0},"b":{},"inputSourceMap":null}
,"C:\\Users\\mobuc\\OneDrive\\Documents\\IBM Preparation\\WK 6\\Library Management System\\library-management-system\\api\\Transactions\\Librarian Transactions\\DeleteItemTransaction.js": {"path":"C:\\Users\\mobuc\\OneDrive\\Documents\\IBM Preparation\\WK 6\\Library Management System\\library-management-system\\api\\Transactions\\Librarian Transactions\\DeleteItemTransaction.js","statementMap":{"0":{"start":{"line":4,"column":29},"end":{"line":4,"column":34}},"1":{"start":{"line":6,"column":4},"end":{"line":6,"column":67}}},"fnMap":{"0":{"name":"(anonymous_0)","decl":{"start":{"line":5,"column":2},"end":{"line":5,"column":3}},"loc":{"start":{"line":5,"column":30},"end":{"line":7,"column":3}},"line":5}},"branchMap":{},"s":{"0":0,"1":0},"f":{"0":0},"b":{},"inputSourceMap":null}
,"C:\\Users\\mobuc\\OneDrive\\Documents\\IBM Preparation\\WK 6\\Library Management System\\library-management-system\\api\\Transactions\\Librarian Transactions\\UpdateItemTransaction.js": {"path":"C:\\Users\\mobuc\\OneDrive\\Documents\\IBM Preparation\\WK 6\\Library Management System\\library-management-system\\api\\Transactions\\Librarian Transactions\\UpdateItemTransaction.js","statementMap":{"0":{"start":{"line":4,"column":29},"end":{"line":4,"column":34}},"1":{"start":{"line":6,"column":4},"end":{"line":6,"column":67}}},"fnMap":{"0":{"name":"(anonymous_0)","decl":{"start":{"line":5,"column":2},"end":{"line":5,"column":3}},"loc":{"start":{"line":5,"column":30},"end":{"line":7,"column":3}},"line":5}},"branchMap":{},"s":{"0":0,"1":0},"f":{"0":0},"b":{},"inputSourceMap":null}
,"C:\\Users\\mobuc\\OneDrive\\Documents\\IBM Preparation\\WK 6\\Library Management System\\library-management-system\\api\\Users\\Client.js": {"path":"C:\\Users\\mobuc\\OneDrive\\Documents\\IBM Preparation\\WK 6\\Library Management System\\library-management-system\\api\\Users\\Client.js","statementMap":{"0":{"start":{"line":22,"column":4},"end":{"line":31,"column":6}},"1":{"start":{"line":32,"column":4},"end":{"line":32,"column":45}},"2":{"start":{"line":33,"column":4},"end":{"line":33,"column":37}},"3":{"start":{"line":34,"column":4},"end":{"line":34,"column":49}},"4":{"start":{"line":39,"column":4},"end":{"line":41,"column":7}}},"fnMap":{"0":{"name":"(anonymous_0)","decl":{"start":{"line":9,"column":2},"end":{"line":9,"column":3}},"loc":{"start":{"line":21,"column":4},"end":{"line":35,"column":3}},"line":21},"1":{"name":"(anonymous_1)","decl":{"start":{"line":37,"column":2},"end":{"line":37,"column":3}},"loc":{"start":{"line":37,"column":27},"end":{"line":42,"column":3}},"line":37},"2":{"name":"(anonymous_2)","decl":{"start":{"line":39,"column":34},"end":{"line":39,"column":35}},"loc":{"start":{"line":39,"column":47},"end":{"line":41,"column":5}},"line":39},"3":{"name":"(anonymous_3)","decl":{"start":{"line":45,"column":2},"end":{"line":45,"column":3}},"loc":{"start":{"line":45,"column":21},"end":{"line":47,"column":3}},"line":45},"4":{"name":"(anonymous_4)","decl":{"start":{"line":50,"column":2},"end":{"line":50,"column":3}},"loc":{"start":{"line":50,"column":19},"end":{"line":52,"column":3}},"line":50},"5":{"name":"(anonymous_5)","decl":{"start":{"line":55,"column":2},"end":{"line":55,"column":3}},"loc":{"start":{"line":55,"column":18},"end":{"line":57,"column":3}},"line":55},"6":{"name":"(anonymous_6)","decl":{"start":{"line":60,"column":2},"end":{"line":60,"column":3}},"loc":{"start":{"line":60,"column":26},"end":{"line":62,"column":3}},"line":60}},"branchMap":{},"s":{"0":0,"1":0,"2":0,"3":0,"4":0},"f":{"0":0,"1":0,"2":0,"3":0,"4":0,"5":0,"6":0},"b":{},"inputSourceMap":null}
,"C:\\Users\\mobuc\\OneDrive\\Documents\\IBM Preparation\\WK 6\\Library Management System\\library-management-system\\api\\Users\\Librarian.js": {"path":"C:\\Users\\mobuc\\OneDrive\\Documents\\IBM Preparation\\WK 6\\Library Management System\\library-management-system\\api\\Users\\Librarian.js","statementMap":{},"fnMap":{"0":{"name":"(anonymous_0)","decl":{"start":{"line":6,"column":2},"end":{"line":6,"column":3}},"loc":{"start":{"line":6,"column":16},"end":{"line":8,"column":3}},"line":6},"1":{"name":"(anonymous_1)","decl":{"start":{"line":10,"column":2},"end":{"line":10,"column":3}},"loc":{"start":{"line":10,"column":21},"end":{"line":12,"column":3}},"line":10},"2":{"name":"(anonymous_2)","decl":{"start":{"line":15,"column":2},"end":{"line":15,"column":3}},"loc":{"start":{"line":15,"column":30},"end":{"line":17,"column":3}},"line":15},"3":{"name":"(anonymous_3)","decl":{"start":{"line":20,"column":2},"end":{"line":20,"column":3}},"loc":{"start":{"line":20,"column":35},"end":{"line":22,"column":3}},"line":20},"4":{"name":"(anonymous_4)","decl":{"start":{"line":25,"column":2},"end":{"line":25,"column":3}},"loc":{"start":{"line":25,"column":35},"end":{"line":27,"column":3}},"line":25},"5":{"name":"(anonymous_5)","decl":{"start":{"line":30,"column":2},"end":{"line":30,"column":3}},"loc":{"start":{"line":30,"column":19},"end":{"line":32,"column":3}},"line":30}},"branchMap":{},"s":{},"f":{"0":0,"1":0,"2":0,"3":0,"4":0,"5":0},"b":{},"inputSourceMap":null}
,"C:\\Users\\mobuc\\OneDrive\\Documents\\IBM Preparation\\WK 6\\Library Management System\\library-management-system\\api\\Users\\User.js": {"path":"C:\\Users\\mobuc\\OneDrive\\Documents\\IBM Preparation\\WK 6\\Library Management System\\library-management-system\\api\\Users\\User.js","statementMap":{"0":{"start":{"line":27,"column":4},"end":{"line":27,"column":25}},"1":{"start":{"line":28,"column":4},"end":{"line":28,"column":31}},"2":{"start":{"line":29,"column":4},"end":{"line":29,"column":29}},"3":{"start":{"line":30,"column":4},"end":{"line":30,"column":23}},"4":{"start":{"line":31,"column":4},"end":{"line":31,"column":38}},"5":{"start":{"line":32,"column":4},"end":{"line":32,"column":29}},"6":{"start":{"line":33,"column":4},"end":{"line":33,"column":36}},"7":{"start":{"line":34,"column":4},"end":{"line":34,"column":40}},"8":{"start":{"line":38,"column":4},"end":{"line":50,"column":5}},"9":{"start":{"line":39,"column":6},"end":{"line":47,"column":7}},"10":{"start":{"line":42,"column":8},"end":{"line":42,"column":35}},"11":{"start":{"line":44,"column":8},"end":{"line":46,"column":10}},"12":{"start":{"line":49,"column":6},"end":{"line":49,"column":27}},"13":{"start":{"line":54,"column":4},"end":{"line":65,"column":5}},"14":{"start":{"line":55,"column":6},"end":{"line":62,"column":7}},"15":{"start":{"line":57,"column":8},"end":{"line":57,"column":34}},"16":{"start":{"line":59,"column":8},"end":{"line":61,"column":10}},"17":{"start":{"line":64,"column":6},"end":{"line":64,"column":27}},"18":{"start":{"line":70,"column":4},"end":{"line":95,"column":5}},"19":{"start":{"line":72,"column":6},"end":{"line":76,"column":7}},"20":{"start":{"line":73,"column":8},"end":{"line":75,"column":10}},"21":{"start":{"line":80,"column":8},"end":{"line":81,"column":51}},"22":{"start":{"line":84,"column":21},"end":{"line":84,"column":38}},"23":{"start":{"line":85,"column":19},"end":{"line":88,"column":22}},"24":{"start":{"line":91,"column":6},"end":{"line":91,"column":31}},"25":{"start":{"line":93,"column":6},"end":{"line":93,"column":55}},"26":{"start":{"line":94,"column":6},"end":{"line":94,"column":18}},"27":{"start":{"line":99,"column":4},"end":{"line":105,"column":5}},"28":{"start":{"line":101,"column":6},"end":{"line":101,"column":50}},"29":{"start":{"line":104,"column":6},"end":{"line":104,"column":27}},"30":{"start":{"line":109,"column":4},"end":{"line":120,"column":5}},"31":{"start":{"line":110,"column":6},"end":{"line":117,"column":7}},"32":{"start":{"line":112,"column":8},"end":{"line":112,"column":40}},"33":{"start":{"line":114,"column":8},"end":{"line":116,"column":10}},"34":{"start":{"line":119,"column":6},"end":{"line":119,"column":27}},"35":{"start":{"line":124,"column":4},"end":{"line":135,"column":5}},"36":{"start":{"line":125,"column":6},"end":{"line":132,"column":7}},"37":{"start":{"line":127,"column":8},"end":{"line":127,"column":44}},"38":{"start":{"line":129,"column":8},"end":{"line":131,"column":10}},"39":{"start":{"line":134,"column":6},"end":{"line":134,"column":27}},"40":{"start":{"line":139,"column":4},"end":{"line":150,"column":5}},"41":{"start":{"line":140,"column":6},"end":{"line":147,"column":7}},"42":{"start":{"line":142,"column":8},"end":{"line":142,"column":29}},"43":{"start":{"line":144,"column":8},"end":{"line":146,"column":10}},"44":{"start":{"line":149,"column":6},"end":{"line":149,"column":27}},"45":{"start":{"line":154,"column":4},"end":{"line":163,"column":5}},"46":{"start":{"line":155,"column":6},"end":{"line":160,"column":7}},"47":{"start":{"line":157,"column":8},"end":{"line":157,"column":33}},"48":{"start":{"line":159,"column":8},"end":{"line":159,"column":75}},"49":{"start":{"line":162,"column":6},"end":{"line":162,"column":27}},"50":{"start":{"line":167,"column":4},"end":{"line":176,"column":5}},"51":{"start":{"line":168,"column":6},"end":{"line":173,"column":7}},"52":{"start":{"line":170,"column":8},"end":{"line":170,"column":27}},"53":{"start":{"line":172,"column":8},"end":{"line":172,"column":75}},"54":{"start":{"line":175,"column":6},"end":{"line":175,"column":27}}},"fnMap":{"0":{"name":"(anonymous_0)","decl":{"start":{"line":17,"column":2},"end":{"line":17,"column":3}},"loc":{"start":{"line":26,"column":4},"end":{"line":35,"column":3}},"line":26},"1":{"name":"(anonymous_1)","decl":{"start":{"line":37,"column":2},"end":{"line":37,"column":3}},"loc":{"start":{"line":37,"column":26},"end":{"line":51,"column":3}},"line":37},"2":{"name":"(anonymous_2)","decl":{"start":{"line":53,"column":2},"end":{"line":53,"column":3}},"loc":{"start":{"line":53,"column":24},"end":{"line":66,"column":3}},"line":53},"3":{"name":"(anonymous_3)","decl":{"start":{"line":69,"column":2},"end":{"line":69,"column":3}},"loc":{"start":{"line":69,"column":32},"end":{"line":96,"column":3}},"line":69},"4":{"name":"(anonymous_4)","decl":{"start":{"line":98,"column":2},"end":{"line":98,"column":3}},"loc":{"start":{"line":98,"column":24},"end":{"line":106,"column":3}},"line":98},"5":{"name":"(anonymous_5)","decl":{"start":{"line":108,"column":2},"end":{"line":108,"column":3}},"loc":{"start":{"line":108,"column":30},"end":{"line":121,"column":3}},"line":108},"6":{"name":"(anonymous_6)","decl":{"start":{"line":123,"column":2},"end":{"line":123,"column":3}},"loc":{"start":{"line":123,"column":34},"end":{"line":136,"column":3}},"line":123},"7":{"name":"(anonymous_7)","decl":{"start":{"line":138,"column":2},"end":{"line":138,"column":3}},"loc":{"start":{"line":138,"column":20},"end":{"line":151,"column":3}},"line":138},"8":{"name":"(anonymous_8)","decl":{"start":{"line":153,"column":2},"end":{"line":153,"column":3}},"loc":{"start":{"line":153,"column":28},"end":{"line":164,"column":3}},"line":153},"9":{"name":"(anonymous_9)","decl":{"start":{"line":166,"column":2},"end":{"line":166,"column":3}},"loc":{"start":{"line":166,"column":18},"end":{"line":177,"column":3}},"line":166}},"branchMap":{"0":{"loc":{"start":{"line":39,"column":6},"end":{"line":47,"column":7}},"type":"if","locations":[{"start":{"line":39,"column":6},"end":{"line":47,"column":7}},{"start":{"line":43,"column":13},"end":{"line":47,"column":7}}],"line":39},"1":{"loc":{"start":{"line":55,"column":6},"end":{"line":62,"column":7}},"type":"if","locations":[{"start":{"line":55,"column":6},"end":{"line":62,"column":7}},{"start":{"line":58,"column":13},"end":{"line":62,"column":7}}],"line":55},"2":{"loc":{"start":{"line":72,"column":6},"end":{"line":76,"column":7}},"type":"if","locations":[{"start":{"line":72,"column":6},"end":{"line":76,"column":7}},{"start":{},"end":{}}],"line":72},"3":{"loc":{"start":{"line":72,"column":10},"end":{"line":72,"column":42}},"type":"binary-expr","locations":[{"start":{"line":72,"column":10},"end":{"line":72,"column":19}},{"start":{"line":72,"column":23},"end":{"line":72,"column":42}}],"line":72},"4":{"loc":{"start":{"line":110,"column":6},"end":{"line":117,"column":7}},"type":"if","locations":[{"start":{"line":110,"column":6},"end":{"line":117,"column":7}},{"start":{"line":113,"column":13},"end":{"line":117,"column":7}}],"line":110},"5":{"loc":{"start":{"line":125,"column":6},"end":{"line":132,"column":7}},"type":"if","locations":[{"start":{"line":125,"column":6},"end":{"line":132,"column":7}},{"start":{"line":128,"column":13},"end":{"line":132,"column":7}}],"line":125},"6":{"loc":{"start":{"line":140,"column":6},"end":{"line":147,"column":7}},"type":"if","locations":[{"start":{"line":140,"column":6},"end":{"line":147,"column":7}},{"start":{"line":143,"column":13},"end":{"line":147,"column":7}}],"line":140},"7":{"loc":{"start":{"line":155,"column":6},"end":{"line":160,"column":7}},"type":"if","locations":[{"start":{"line":155,"column":6},"end":{"line":160,"column":7}},{"start":{"line":158,"column":13},"end":{"line":160,"column":7}}],"line":155},"8":{"loc":{"start":{"line":168,"column":6},"end":{"line":173,"column":7}},"type":"if","locations":[{"start":{"line":168,"column":6},"end":{"line":173,"column":7}},{"start":{"line":171,"column":13},"end":{"line":173,"column":7}}],"line":168}},"s":{"0":0,"1":0,"2":0,"3":0,"4":0,"5":0,"6":0,"7":0,"8":0,"9":0,"10":0,"11":0,"12":0,"13":0,"14":0,"15":0,"16":0,"17":0,"18":0,"19":0,"20":0,"21":0,"22":0,"23":0,"24":0,"25":0,"26":0,"27":0,"28":0,"29":0,"30":0,"31":0,"32":0,"33":0,"34":0,"35":0,"36":0,"37":0,"38":0,"39":0,"40":0,"41":0,"42":0,"43":0,"44":0,"45":0,"46":0,"47":0,"48":0,"49":0,"50":0,"51":0,"52":0,"53":0,"54":0},"f":{"0":0,"1":0,"2":0,"3":0,"4":0,"5":0,"6":0,"7":0,"8":0,"9":0},"b":{"0":[0,0],"1":[0,0],"2":[0,0],"3":[0,0],"4":[0,0],"5":[0,0],"6":[0,0],"7":[0,0],"8":[0,0]},"inputSourceMap":null}
,"C:\\Users\\mobuc\\OneDrive\\Documents\\IBM Preparation\\WK 6\\Library Management System\\library-management-system\\api\\Users\\index.js": {"path":"C:\\Users\\mobuc\\OneDrive\\Documents\\IBM Preparation\\WK 6\\Library Management System\\library-management-system\\api\\Users\\index.js","statementMap":{},"fnMap":{},"branchMap":{},"s":{},"f":{},"b":{},"inputSourceMap":null}
}
