TN:
SF:DatabaseHandler\DatabaseHandler.js
FN:23,(anonymous_0)
FN:37,(anonymous_1)
FN:53,(anonymous_2)
FN:54,(anonymous_3)
FN:78,(anonymous_4)
FN:87,(anonymous_5)
FN:88,(anonymous_6)
FN:104,(anonymous_7)
FN:110,(anonymous_8)
FN:112,(anonymous_9)
FN:123,(anonymous_10)
FN:134,(anonymous_11)
FN:138,(anonymous_12)
FN:150,(anonymous_13)
FN:152,(anonymous_14)
FN:163,(anonymous_15)
FN:178,(anonymous_16)
FN:180,(anonymous_17)
FN:181,(anonymous_18)
FNF:19
FNH:0
FNDA:0,(anonymous_0)
FNDA:0,(anonymous_1)
FNDA:0,(anonymous_2)
FNDA:0,(anonymous_3)
FNDA:0,(anonymous_4)
FNDA:0,(anonymous_5)
FNDA:0,(anonymous_6)
FNDA:0,(anonymous_7)
FNDA:0,(anonymous_8)
FNDA:0,(anonymous_9)
FNDA:0,(anonymous_10)
FNDA:0,(anonymous_11)
FNDA:0,(anonymous_12)
FNDA:0,(anonymous_13)
FNDA:0,(anonymous_14)
FNDA:0,(anonymous_15)
FNDA:0,(anonymous_16)
FNDA:0,(anonymous_17)
FNDA:0,(anonymous_18)
DA:24,0
DA:25,0
DA:26,0
DA:27,0
DA:28,0
DA:29,0
DA:30,0
DA:38,0
DA:40,0
DA:43,0
DA:53,0
DA:54,0
DA:55,0
DA:56,0
DA:57,0
DA:58,0
DA:60,0
DA:63,0
DA:67,0
DA:68,0
DA:80,0
DA:81,0
DA:84,0
DA:87,0
DA:88,0
DA:89,0
DA:90,0
DA:91,0
DA:92,0
DA:94,0
DA:106,0
DA:107,0
DA:110,0
DA:112,0
DA:113,0
DA:114,0
DA:118,0
DA:119,0
DA:123,0
DA:124,0
DA:125,0
DA:126,0
DA:127,0
DA:128,0
DA:131,0
DA:133,0
DA:134,0
DA:135,0
DA:139,0
DA:140,0
DA:141,0
DA:143,0
DA:150,0
DA:151,0
DA:152,0
DA:153,0
DA:154,0
DA:158,0
DA:159,0
DA:163,0
DA:164,0
DA:165,0
DA:166,0
DA:179,0
DA:180,0
DA:181,0
DA:182,0
DA:183,0
DA:184,0
DA:185,0
DA:187,0
DA:188,0
LF:72
LH:0
BRDA:23,0,0,0
BRDA:55,1,0,0
BRDA:55,1,1,0
BRDA:78,2,0,0
BRDA:80,3,0,0
BRDA:80,3,1,0
BRDA:89,4,0,0
BRDA:89,4,1,0
BRDA:106,5,0,0
BRDA:106,5,1,0
BRDA:113,6,0,0
BRDA:113,6,1,0
BRDA:124,7,0,0
BRDA:124,7,1,0
BRDA:137,8,0,0
BRDA:137,8,1,0
BRDA:139,9,0,0
BRDA:139,9,1,0
BRDA:151,10,0,0
BRDA:151,10,1,0
BRDA:179,11,0,0
BRDA:179,11,1,0
BRDA:182,12,0,0
BRDA:182,12,1,0
BRF:24
BRH:0
end_of_record
TN:
SF:Exceptions\Exception.js
FN:2,(anonymous_0)
FN:9,(anonymous_1)
FNF:2
FNH:0
FNDA:0,(anonymous_0)
FNDA:0,(anonymous_1)
DA:3,0
DA:4,0
DA:10,0
DA:11,0
LF:4
LH:0
BRF:0
BRH:0
end_of_record
TN:
SF:Format Validator\FormatValidator.js
FN:4,(anonymous_0)
FN:10,(anonymous_1)
FN:16,(anonymous_2)
FN:21,(anonymous_3)
FN:27,(anonymous_4)
FN:31,(anonymous_5)
FNF:6
FNH:0
FNDA:0,(anonymous_0)
FNDA:0,(anonymous_1)
FNDA:0,(anonymous_2)
FNDA:0,(anonymous_3)
FNDA:0,(anonymous_4)
FNDA:0,(anonymous_5)
DA:3,0
DA:5,0
DA:9,0
DA:11,0
DA:15,0
DA:17,0
DA:20,0
DA:22,0
DA:26,0
DA:28,0
DA:32,0
LF:11
LH:0
BRF:0
BRH:0
end_of_record
TN:
SF:Items\Item.js
FNF:0
FNH:0
DA:14,0
LF:1
LH:0
BRF:0
BRH:0
end_of_record
TN:
SF:Repositories\ClientRepository.js
FN:9,(anonymous_0)
FN:13,(anonymous_1)
FN:39,(anonymous_2)
FN:65,(anonymous_3)
FN:90,(anonymous_4)
FN:99,(anonymous_5)
FN:108,(anonymous_6)
FN:116,(anonymous_7)
FN:125,(anonymous_8)
FNF:9
FNH:0
FNDA:0,(anonymous_0)
FNDA:0,(anonymous_1)
FNDA:0,(anonymous_2)
FNDA:0,(anonymous_3)
FNDA:0,(anonymous_4)
FNDA:0,(anonymous_5)
FNDA:0,(anonymous_6)
FNDA:0,(anonymous_7)
FNDA:0,(anonymous_8)
DA:10,0
DA:14,0
DA:15,0
DA:16,0
DA:28,0
DA:30,0
DA:31,0
DA:33,0
DA:35,0
DA:40,0
DA:41,0
DA:42,0
DA:54,0
DA:56,0
DA:57,0
DA:59,0
DA:61,0
DA:66,0
DA:67,0
DA:68,0
DA:80,0
DA:82,0
DA:83,0
DA:85,0
DA:87,0
DA:91,0
DA:96,0
DA:100,0
DA:105,0
DA:109,0
DA:114,0
DA:117,0
DA:122,0
DA:127,0
DA:131,0
LF:35
LH:0
BRF:0
BRH:0
end_of_record
TN:
SF:Repositories\ItemRepository.js
FN:4,(anonymous_0)
FN:10,(anonymous_1)
FN:12,(anonymous_2)
FNF:3
FNH:0
FNDA:0,(anonymous_0)
FNDA:0,(anonymous_1)
FNDA:0,(anonymous_2)
DA:5,0
DA:13,0
DA:14,0
DA:16,0
DA:18,0
DA:20,0
DA:21,0
DA:22,0
DA:25,0
DA:26,0
DA:27,0
DA:30,0
DA:31,0
DA:32,0
DA:35,0
DA:36,0
DA:38,0
DA:40,0
LF:18
LH:0
BRDA:20,0,0,0
BRDA:20,0,1,0
BRDA:20,1,0,0
BRDA:20,1,1,0
BRDA:25,2,0,0
BRDA:25,2,1,0
BRDA:25,3,0,0
BRDA:25,3,1,0
BRDA:30,4,0,0
BRDA:30,4,1,0
BRDA:30,5,0,0
BRDA:30,5,1,0
BRF:12
BRH:0
end_of_record
TN:
SF:Repositories\LibrarianRepository.js
FN:4,(anonymous_0)
FN:8,(anonymous_1)
FNF:2
FNH:0
FNDA:0,(anonymous_0)
FNDA:0,(anonymous_1)
DA:5,0
DA:9,0
DA:11,0
DA:12,0
DA:15,0
DA:16,0
DA:19,0
LF:7
LH:0
BRDA:11,0,0,0
BRDA:11,0,1,0
BRDA:15,1,0,0
BRDA:15,1,1,0
BRDA:15,2,0,0
BRDA:15,2,1,0
BRF:6
BRH:0
end_of_record
TN:
SF:Repositories\Repository.js
FN:7,(anonymous_0)
FNF:1
FNH:0
FNDA:0,(anonymous_0)
DA:3,0
DA:8,0
LF:2
LH:0
BRF:0
BRH:0
end_of_record
TN:
SF:Repositories\UserRepository.js
FN:5,(anonymous_0)
FN:21,(anonymous_1)
FN:32,(anonymous_2)
FN:58,(anonymous_3)
FN:88,(anonymous_4)
FN:124,(anonymous_5)
FNF:6
FNH:0
FNDA:0,(anonymous_0)
FNDA:0,(anonymous_1)
FNDA:0,(anonymous_2)
FNDA:0,(anonymous_3)
FNDA:0,(anonymous_4)
FNDA:0,(anonymous_5)
DA:6,0
DA:8,0
DA:9,0
DA:22,0
DA:33,0
DA:35,0
DA:37,0
DA:38,0
DA:41,0
DA:43,0
DA:44,0
DA:46,0
DA:48,0
DA:59,0
DA:61,0
DA:63,0
DA:65,0
DA:67,0
DA:72,0
DA:74,0
DA:75,0
DA:77,0
DA:79,0
DA:89,0
DA:91,0
DA:93,0
DA:95,0
DA:97,0
DA:99,0
DA:100,0
DA:102,0
DA:104,0
DA:117,0
DA:122,0
DA:124,0
DA:125,0
DA:128,0
DA:129,0
DA:132,0
DA:146,0
DA:147,0
DA:149,0
DA:151,0
DA:152,0
DA:153,0
DA:156,0
DA:157,0
DA:158,0
DA:161,0
DA:162,0
DA:163,0
DA:166,0
LF:52
LH:0
BRDA:8,0,0,0
BRDA:8,0,1,0
BRDA:128,1,0,0
BRDA:128,1,1,0
BRDA:149,2,0,0
BRDA:149,2,1,0
BRDA:149,2,2,0
BRF:7
BRH:0
end_of_record
TN:
SF:Transactions\Transaction.js
FN:41,(anonymous_0)
FN:58,(anonymous_1)
FN:83,(anonymous_2)
FNF:3
FNH:0
FNDA:0,(anonymous_0)
FNDA:0,(anonymous_1)
FNDA:0,(anonymous_2)
DA:13,0
DA:22,0
DA:29,0
DA:42,0
DA:43,0
DA:44,0
DA:45,0
DA:46,0
DA:60,0
DA:61,0
DA:63,0
DA:64,0
DA:70,0
DA:84,0
DA:85,0
DA:92,0
DA:93,0
DA:97,0
DA:104,0
DA:105,0
DA:107,0
DA:109,0
DA:114,0
DA:122,0
LF:24
LH:0
BRDA:41,0,0,0
BRF:1
BRH:0
end_of_record
TN:
SF:Transactions\Client Transactions\CancelHoldTransaction.js
FN:5,(anonymous_0)
FNF:1
FNH:0
FNDA:0,(anonymous_0)
DA:4,0
DA:6,0
LF:2
LH:0
BRF:0
BRH:0
end_of_record
TN:
SF:Transactions\Client Transactions\CheckOutTransaction.js
FN:5,(anonymous_0)
FNF:1
FNH:0
FNDA:0,(anonymous_0)
DA:4,0
DA:6,0
LF:2
LH:0
BRF:0
BRH:0
end_of_record
TN:
SF:Transactions\Client Transactions\HoldTransaction.js
FN:5,(anonymous_0)
FNF:1
FNH:0
FNDA:0,(anonymous_0)
DA:4,0
DA:6,0
LF:2
LH:0
BRF:0
BRH:0
end_of_record
TN:
SF:Transactions\Client Transactions\RenewalTransaction.js
FN:5,(anonymous_0)
FNF:1
FNH:0
FNDA:0,(anonymous_0)
DA:4,0
DA:6,0
LF:2
LH:0
BRF:0
BRH:0
end_of_record
TN:
SF:Transactions\Client Transactions\ReturnTransaction.js
FN:5,(anonymous_0)
FNF:1
FNH:0
FNDA:0,(anonymous_0)
DA:4,0
DA:6,0
LF:2
LH:0
BRF:0
BRH:0
end_of_record
TN:
SF:Transactions\Librarian Transactions\AddItemTransaction.js
FN:5,(anonymous_0)
FNF:1
FNH:0
FNDA:0,(anonymous_0)
DA:4,0
DA:6,0
LF:2
LH:0
BRF:0
BRH:0
end_of_record
TN:
SF:Transactions\Librarian Transactions\DeleteItemTransaction.js
FN:5,(anonymous_0)
FNF:1
FNH:0
FNDA:0,(anonymous_0)
DA:4,0
DA:6,0
LF:2
LH:0
BRF:0
BRH:0
end_of_record
TN:
SF:Transactions\Librarian Transactions\UpdateItemTransaction.js
FN:5,(anonymous_0)
FNF:1
FNH:0
FNDA:0,(anonymous_0)
DA:4,0
DA:6,0
LF:2
LH:0
BRF:0
BRH:0
end_of_record
TN:
SF:Users\Client.js
FN:9,(anonymous_0)
FN:37,(anonymous_1)
FN:39,(anonymous_2)
FN:45,(anonymous_3)
FN:50,(anonymous_4)
FN:55,(anonymous_5)
FN:60,(anonymous_6)
FNF:7
FNH:0
FNDA:0,(anonymous_0)
FNDA:0,(anonymous_1)
FNDA:0,(anonymous_2)
FNDA:0,(anonymous_3)
FNDA:0,(anonymous_4)
FNDA:0,(anonymous_5)
FNDA:0,(anonymous_6)
DA:22,0
DA:32,0
DA:33,0
DA:34,0
DA:39,0
LF:5
LH:0
BRF:0
BRH:0
end_of_record
TN:
SF:Users\Librarian.js
FN:6,(anonymous_0)
FN:10,(anonymous_1)
FN:15,(anonymous_2)
FN:20,(anonymous_3)
FN:25,(anonymous_4)
FN:30,(anonymous_5)
FNF:6
FNH:0
FNDA:0,(anonymous_0)
FNDA:0,(anonymous_1)
FNDA:0,(anonymous_2)
FNDA:0,(anonymous_3)
FNDA:0,(anonymous_4)
FNDA:0,(anonymous_5)
LF:0
LH:0
BRF:0
BRH:0
end_of_record
TN:
SF:Users\User.js
FN:17,(anonymous_0)
FN:37,(anonymous_1)
FN:53,(anonymous_2)
FN:69,(anonymous_3)
FN:98,(anonymous_4)
FN:108,(anonymous_5)
FN:123,(anonymous_6)
FN:138,(anonymous_7)
FN:153,(anonymous_8)
FN:166,(anonymous_9)
FNF:10
FNH:0
FNDA:0,(anonymous_0)
FNDA:0,(anonymous_1)
FNDA:0,(anonymous_2)
FNDA:0,(anonymous_3)
FNDA:0,(anonymous_4)
FNDA:0,(anonymous_5)
FNDA:0,(anonymous_6)
FNDA:0,(anonymous_7)
FNDA:0,(anonymous_8)
FNDA:0,(anonymous_9)
DA:27,0
DA:28,0
DA:29,0
DA:30,0
DA:31,0
DA:32,0
DA:33,0
DA:34,0
DA:38,0
DA:39,0
DA:42,0
DA:44,0
DA:49,0
DA:54,0
DA:55,0
DA:57,0
DA:59,0
DA:64,0
DA:70,0
DA:72,0
DA:73,0
DA:80,0
DA:84,0
DA:85,0
DA:91,0
DA:93,0
DA:94,0
DA:99,0
DA:101,0
DA:104,0
DA:109,0
DA:110,0
DA:112,0
DA:114,0
DA:119,0
DA:124,0
DA:125,0
DA:127,0
DA:129,0
DA:134,0
DA:139,0
DA:140,0
DA:142,0
DA:144,0
DA:149,0
DA:154,0
DA:155,0
DA:157,0
DA:159,0
DA:162,0
DA:167,0
DA:168,0
DA:170,0
DA:172,0
DA:175,0
LF:55
LH:0
BRDA:39,0,0,0
BRDA:39,0,1,0
BRDA:55,1,0,0
BRDA:55,1,1,0
BRDA:72,2,0,0
BRDA:72,2,1,0
BRDA:72,3,0,0
BRDA:72,3,1,0
BRDA:110,4,0,0
BRDA:110,4,1,0
BRDA:125,5,0,0
BRDA:125,5,1,0
BRDA:140,6,0,0
BRDA:140,6,1,0
BRDA:155,7,0,0
BRDA:155,7,1,0
BRDA:168,8,0,0
BRDA:168,8,1,0
BRF:18
BRH:0
end_of_record
TN:
SF:Users\index.js
FNF:0
FNH:0
LF:0
LH:0
BRF:0
BRH:0
end_of_record
